<?xml version="1.0" encoding="UTF-8"?>
<!-- Generated by org.testng.reporters.JUnitReportReporter -->
<testsuite skipped="0" hostname="MYDear-PC" name="com.electron.test.functional.TestLoginUS010" tests="1" failures="0" timestamp="01 May 2017 06:48:59 GMT" time="9.592" errors="0">
  <testcase name="testLoginValidTC018" time="9.592" classname="com.electron.test.functional.TestLoginUS010"/>
</testsuite> <!-- com.electron.test.functional.TestLoginUS010 -->
